<?xml version="1.0" encoding="UTF-8"?>
<testng-results skipped="0" failed="0" ignored="0" total="1" passed="1">
  <reporter-output>
  </reporter-output>
  <suite name="Failed suite [Failed suite [OpenCart Test Suite]]" duration-ms="8077" started-at="2021-03-25T21:56:49 GMT" finished-at="2021-03-25T21:56:57 GMT">
    <groups>
      <group name="regression">
        <method signature="TC_001_AccountRegistration.test_account_Registration()[pri:0, instance:testCases.TC_001_AccountRegistration@48a242ce]" name="test_account_Registration" class="testCases.TC_001_AccountRegistration"/>
      </group> <!-- regression -->
      <group name="master">
        <method signature="TC_001_AccountRegistration.test_account_Registration()[pri:0, instance:testCases.TC_001_AccountRegistration@48a242ce]" name="test_account_Registration" class="testCases.TC_001_AccountRegistration"/>
      </group> <!-- master -->
    </groups>
    <test name="OpenCartTests(failed)(failed)" duration-ms="8077" started-at="2021-03-25T21:56:49 GMT" finished-at="2021-03-25T21:56:57 GMT">
      <class name="testCases.TC_001_AccountRegistration">
        <test-method status="PASS" signature="setup(java.lang.String)[pri:0, instance:testCases.TC_001_AccountRegistration@48a242ce]" name="setup" is-config="true" duration-ms="4045" started-at="2021-03-25T21:56:49 GMT" finished-at="2021-03-25T21:56:53 GMT">
          <params>
            <param index="0">
              <value>
                <![CDATA[chrome]]>
              </value>
            </param>
          </params>
          <reporter-output>
          </reporter-output>
        </test-method> <!-- setup -->
        <test-method status="PASS" signature="test_account_Registration()[pri:0, instance:testCases.TC_001_AccountRegistration@48a242ce]" name="test_account_Registration" duration-ms="3698" started-at="2021-03-25T21:56:53 GMT" finished-at="2021-03-25T21:56:57 GMT">
          <reporter-output>
          </reporter-output>
        </test-method> <!-- test_account_Registration -->
        <test-method status="PASS" signature="tearDown()[pri:0, instance:testCases.TC_001_AccountRegistration@48a242ce]" name="tearDown" is-config="true" duration-ms="74" started-at="2021-03-25T21:56:57 GMT" finished-at="2021-03-25T21:56:57 GMT">
          <reporter-output>
          </reporter-output>
        </test-method> <!-- tearDown -->
      </class> <!-- testCases.TC_001_AccountRegistration -->
    </test> <!-- OpenCartTests(failed)(failed) -->
  </suite> <!-- Failed suite [Failed suite [OpenCart Test Suite]] -->
</testng-results>
